<?xml version="1.0" encoding="UTF-8"?>
<!-- Generated by org.testng.reporters.JUnitXMLReporter -->
<testsuite hostname="LAPTOP-NQCH80LM" ignored="0" name="Default test" tests="3" failures="0" timestamp="2020-09-17T16:31:20 NZST" time="0.118" errors="0">
  <testcase name="@BeforeTest preRequsites" time="0.028" classname="Project.E2EFramework.HomePage">
    <failure type="java.lang.NullPointerException">
      <![CDATA[java.lang.NullPointerException
at Resources.base.initializeDriver(base.java:35)
at Project.E2EFramework.HomePage.preRequsites(HomePage.java:32)
at sun.reflect.NativeMethodAccessorImpl.invoke0(Native Method)
at sun.reflect.NativeMethodAccessorImpl.invoke(Unknown Source)
at sun.reflect.DelegatingMethodAccessorImpl.invoke(Unknown Source)
at java.lang.reflect.Method.invoke(Unknown Source)
at org.testng.internal.MethodInvocationHelper.invokeMethod(MethodInvocationHelper.java:132)
at org.testng.internal.MethodInvocationHelper.invokeMethodConsideringTimeout(MethodInvocationHelper.java:61)
at org.testng.internal.ConfigInvoker.invokeConfigurationMethod(ConfigInvoker.java:366)
at org.testng.internal.ConfigInvoker.invokeConfigurations(ConfigInvoker.java:320)
at org.testng.TestRunner.invokeTestConfigurations(TestRunner.java:617)
at org.testng.TestRunner.beforeRun(TestRunner.java:607)
at org.testng.TestRunner.run(TestRunner.java:578)
at org.testng.SuiteRunner.runTest(SuiteRunner.java:384)
at org.testng.SuiteRunner.runSequentially(SuiteRunner.java:378)
at org.testng.SuiteRunner.privateRun(SuiteRunner.java:337)
at org.testng.SuiteRunner.run(SuiteRunner.java:286)
at org.testng.SuiteRunnerWorker.runSuite(SuiteRunnerWorker.java:53)
at org.testng.SuiteRunnerWorker.run(SuiteRunnerWorker.java:96)
at org.testng.TestNG.runSuitesSequentially(TestNG.java:1218)
at org.testng.TestNG.runSuitesLocally(TestNG.java:1140)
at org.testng.TestNG.runSuites(TestNG.java:1069)
at org.testng.TestNG.run(TestNG.java:1037)
at org.testng.remote.AbstractRemoteTestNG.run(AbstractRemoteTestNG.java:115)
at org.testng.remote.RemoteTestNG.initAndRun(RemoteTestNG.java:251)
at org.testng.remote.RemoteTestNG.main(RemoteTestNG.java:77)
]]>
    </failure>
  </testcase> <!-- @BeforeTest preRequsites -->
  <testcase name="@AfterTest finalStep" time="-1.600317079525E9" classname="Project.E2EFramework.HomePage">
    <skipped/>
  </testcase> <!-- @AfterTest finalStep -->
  <testcase name="Homepage" time="0.0" classname="Project.E2EFramework.HomePage">
    <skipped/>
  </testcase> <!-- Homepage -->
  <testcase name="Homepage" time="0.0" classname="Project.E2EFramework.HomePage">
    <skipped/>
  </testcase> <!-- Homepage -->
  <testcase name="ValidateSocials" time="0.0" classname="Project.E2EFramework.HomePage">
    <skipped/>
  </testcase> <!-- ValidateSocials -->
</testsuite> <!-- Default test -->
