<?xml version="1.0" encoding="UTF-8"?>
<!-- Generated by org.testng.reporters.JUnitXMLReporter -->
<testsuite hostname="LAPTOP-NQCH80LM" ignored="0" name="Validate Name" tests="1" failures="1" timestamp="2020-09-08T16:11:04 NZST" time="40.189" errors="0">
  <testcase name="ValidateName" time="0.106" classname="Project.E2EFramework.ValidateName">
    <failure type="java.lang.AssertionError" message="expected [Prepaid Plans] but found [Broadband Plans]">
      <![CDATA[java.lang.AssertionError: expected [Prepaid Plans] but found [Broadband Plans]
at Project.E2EFramework.ValidateName.ValidateName(ValidateName.java:40)
at java.util.ArrayList.forEach(Unknown Source)
at java.util.concurrent.FutureTask.run(Unknown Source)
at java.util.concurrent.ThreadPoolExecutor.runWorker(Unknown Source)
at java.util.concurrent.ThreadPoolExecutor$Worker.run(Unknown Source)
at java.lang.Thread.run(Unknown Source)
... Removed 24 stack frames]]>
    </failure>
  </testcase> <!-- ValidateName -->
</testsuite> <!-- Validate Name -->
