<?xml version="1.0" encoding="UTF-8"?>
<!-- Generated by org.testng.reporters.JUnitXMLReporter -->
<testsuite hostname="LAPTOP-NQCH80LM" ignored="0" name="Validate Name" tests="1" failures="1" timestamp="2020-09-11T20:21:27 NZST" time="24.58" errors="0">
  <testcase name="ValidateName" time="0.445" classname="Project.E2EFramework.ValidateName">
    <failure type="java.lang.AssertionError" message="expected [Prepaid Plans] but found [Broadband Plans]">
      <![CDATA[java.lang.AssertionError: expected [Prepaid Plans] but found [Broadband Plans]
at Project.E2EFramework.ValidateName.ValidateName(ValidateName.java:40)
at java.util.ArrayList.forEach(ArrayList.java:1257)
at java.util.concurrent.FutureTask.run(FutureTask.java:266)
at java.util.concurrent.ThreadPoolExecutor.runWorker(ThreadPoolExecutor.java:1149)
at java.util.concurrent.ThreadPoolExecutor$Worker.run(ThreadPoolExecutor.java:624)
at java.lang.Thread.run(Thread.java:748)
... Removed 24 stack frames]]>
    </failure>
  </testcase> <!-- ValidateName -->
</testsuite> <!-- Validate Name -->
