<?xml version="1.0" encoding="UTF-8"?>
<!-- Generated by org.testng.reporters.JUnitXMLReporter -->
<testsuite hostname="LAPTOP-NQCH80LM" ignored="0" name="Validating Homepage user login" tests="3" failures="1" timestamp="2020-09-11T20:22:09 NZST" time="65.949" errors="0">
  <testcase name="Homepage" time="36.41" classname="Project.E2EFramework.HomePage"/>
  <testcase name="Homepage" time="18.617" classname="Project.E2EFramework.HomePage"/>
  <testcase name="ValidateSocials" time="0.107" classname="Project.E2EFramework.HomePage">
    <failure type="java.lang.AssertionError" message="expected [twitter] but found [Twitter]">
      <![CDATA[java.lang.AssertionError: expected [twitter] but found [Twitter]
at Project.E2EFramework.HomePage.ValidateSocials(HomePage.java:66)
at java.util.ArrayList.forEach(ArrayList.java:1257)
at java.util.concurrent.FutureTask.run(FutureTask.java:266)
at java.util.concurrent.ThreadPoolExecutor.runWorker(ThreadPoolExecutor.java:1149)
at java.util.concurrent.ThreadPoolExecutor$Worker.run(ThreadPoolExecutor.java:624)
at java.lang.Thread.run(Thread.java:748)
... Removed 24 stack frames]]>
    </failure>
  </testcase> <!-- ValidateSocials -->
</testsuite> <!-- Validating Homepage user login -->
