<?xml version="1.0" encoding="UTF-8"?>
<testsuite xmlns:xsi="http://www.w3.org/2001/XMLSchema-instance" xsi:noNamespaceSchemaLocation="https://maven.apache.org/surefire/maven-surefire-plugin/xsd/surefire-test-report-3.0.xsd" version="3.0" name="TestSuite" time="70.715" tests="5" errors="0" skipped="0" failures="2">
  <properties>
[...]
</properties>
  <testcase name="ValidateName" classname="Project.E2EFramework.ValidateName" time="0.451">
    <failure message="expected [Prepaid Plans] but found [Broadband Plans]" type="java.lang.AssertionError"><![CDATA[java.lang.AssertionError: expected [Prepaid Plans] but found [Broadband Plans]
	at Project.E2EFramework.ValidateName.ValidateName(ValidateName.java:40)
]]></failure>
    <system-err><![CDATA[StartiSntgSa ChromeDrritver in8g4.t0ar.4ti14ng7. C30 h (ro4C8mbeD3hre8r6io8mbv4eeDcrc 0a84a.70e8.144194571.93609 0(b486bf63r94iv9ee1r1 e088a486.8-r0b.e4f4s1c/4cb7r0.3a0a n(a4c78heb-h83e1e4a89d6s85/b149416c94c070b@a{6af#763e9148091}e)14 9o15n0 1a9p8or6-t9 r40e7bf0s46/8bf
rOnalnych local -choenadns6e/9c4t4i9eo11n471s@0 {aa#8r31-e0 r}ea)lf slon/o bproratn 27c32h6-
hOenlayd lso/ca4wle1 d4c.7o@n
{P#n3le1ect0ais}oe)n  sso neea r pe ohatlltowpresdt.: /4
/2Pl2ceh7a4rseo 
msOednerleyi  vhletortp.s:c/h/crhorommiecudamlr. icovroengn/resc.etcciohunrs iatrye- caolnlsoiwdreodm.i
uPlmeea.rsaoet risogen/es sef hotctrup rssi:tuyg/g-/eccsohntriomoednrsiv er.ocnhrom iukm.eoregp/isencgur istiCyhd-ercroomantesDiiordinesvr earft orsiafe.
o nssu ggfoers tsiuognsg eons tkieeopnisn go n CkheroepmienDrg iChvreor mseaDfrei.ve
r safe.
ChroCmhreoDrmieveDr rwiavs ers tartweads  stsuarccteesds sfCuhulrcloyce.mse
sDfruilvelry .wa
s started successfully.
[[1599812468.616][WARNING]: This version of ChromeDriver has not been tested with Chrome version 85.
1599812468.611][WARNING]: This version of ChromeDriver has not been tested with Chrome version 85.
[1599812469.410][WARNING]: This version of ChromeDriver has not been tested with Chrome version 85.
Sep 11, 2020 8:21:11 PM org.openqa.selenium.remote.ProtocolHandshake createSession
INFO: Detected dialect: W3C
Sep 11, 2020 8:21:11 PM org.openqa.selenium.remote.ProtocolHandshake createSession
INFO: Detected dialect: W3C
Sep 11, 2020 8:21:11 PM org.openqa.selenium.remote.ProtocolHandshake createSession
INFO: Detected dialect: W3C
]]></system-err>
  </testcase>
  <testcase name="Homepage" classname="Project.E2EFramework.ValidateDeal" time="1.071"/>
  <testcase name="Homepage[restricteduser@gmail.com, Bissmillah1, Restricted User](1)" classname="Project.E2EFramework.HomePage" time="22.114"/>
  <testcase name="Homepage[nonrestricteduser@gmail.com, Bissmillah1, Non Restricted User](2)" classname="Project.E2EFramework.HomePage" time="18.619"/>
  <testcase name="ValidateSocials" classname="Project.E2EFramework.HomePage" time="0.931">
    <failure message="expected [twitter] but found [Twitter]" type="java.lang.AssertionError"><![CDATA[java.lang.AssertionError: expected [twitter] but found [Twitter]
	at Project.E2EFramework.HomePage.ValidateSocials(HomePage.java:66)
]]></failure>
  </testcase>
</testsuite>